<?xml version="1.0" encoding="UTF-8"?>
<!-- Generated by org.testng.reporters.JUnitReportReporter -->
<testsuite skipped="0" hostname="Hemant" name="assignment1.AlertAssign2" tests="1" failures="0" timestamp="09 Mar 2019 17:39:38 GMT" time="47.881" errors="0">
  <testcase name="handlingAlert" time="47.881" classname="assignment1.AlertAssign2"/>
</testsuite> <!-- assignment1.AlertAssign2 -->
