<?xml version="1.0" encoding="UTF-8"?>
<!-- Generated by org.testng.reporters.JUnitReportReporter -->
<testsuite skipped="0" hostname="Hemant" name="assignment1.Flipkart" tests="1" failures="0" timestamp="07 Mar 2019 18:02:47 GMT" time="42.078" errors="0">
  <testcase name="printAllTheLink" time="42.078" classname="assignment1.Flipkart"/>
</testsuite> <!-- assignment1.Flipkart -->
