<?xml version="1.0" encoding="UTF-8"?>
<!-- Generated by org.testng.reporters.JUnitReportReporter -->
<testsuite skipped="0" hostname="Hemant" name="assignment1.Yahoo" tests="1" failures="0" timestamp="19 Mar 2019 20:23:33 GMT" time="101.321" errors="0">
  <testcase name="composeEmail" time="101.321" classname="assignment1.Yahoo"/>
</testsuite> <!-- assignment1.Yahoo -->
