<?xml version="1.0" encoding="UTF-8"?>
<!-- Generated by org.testng.reporters.JUnitReportReporter -->
<testsuite skipped="0" hostname="Hemant" name="scripts.AssignmentNo09" tests="1" failures="0" timestamp="06 Mar 2019 18:19:27 GMT" time="37.708" errors="0">
  <testcase name="toolSQA" time="37.708" classname="scripts.AssignmentNo09"/>
</testsuite> <!-- scripts.AssignmentNo09 -->
