<?xml version="1.0" encoding="UTF-8"?>
<!-- Generated by org.testng.reporters.JUnitReportReporter -->
<testsuite skipped="0" hostname="Hemant" name="assignment1.WindowHandleClassRoom" tests="1" failures="0" timestamp="11 Mar 2019 19:29:19 GMT" time="72.856" errors="0">
  <testcase name="windowHandle" time="72.856" classname="assignment1.WindowHandleClassRoom"/>
</testsuite> <!-- assignment1.WindowHandleClassRoom -->
