<?xml version="1.0" encoding="UTF-8"?>
<!-- Generated by org.testng.reporters.JUnitReportReporter -->
<testsuite skipped="0" hostname="Hemant" name="assignment1.ToolsqaFrameAssignment" tests="1" failures="0" timestamp="14 Mar 2019 19:22:12 GMT" time="94.896" errors="0">
  <testcase name="switcingBetweenTheFrame" time="94.896" classname="assignment1.ToolsqaFrameAssignment"/>
</testsuite> <!-- assignment1.ToolsqaFrameAssignment -->
