<?xml version="1.0" encoding="UTF-8"?>
<!-- Generated by org.testng.reporters.JUnitReportReporter -->
<testsuite skipped="0" hostname="Hemant" name="pomclassroom.LoginTest" tests="1" failures="0" timestamp="17 Mar 2019 16:22:30 GMT" time="35.732" errors="0">
  <testcase name="loginTest" time="35.732" classname="pomclassroom.LoginTest"/>
</testsuite> <!-- pomclassroom.LoginTest -->
