<?xml version="1.0" encoding="UTF-8"?>
<!-- Generated by org.testng.reporters.JUnitReportReporter -->
<testsuite skipped="0" hostname="Hemant" name="assignment1.ToolSQA" tests="1" failures="0" timestamp="09 Mar 2019 07:39:26 GMT" time="27.950" errors="0">
  <testcase name="toolSQAInputFieldTest" time="27.950" classname="assignment1.ToolSQA"/>
</testsuite> <!-- assignment1.ToolSQA -->
