<?xml version="1.0" encoding="UTF-8"?>
<!-- Generated by org.testng.reporters.JUnitReportReporter -->
<testsuite skipped="0" hostname="Hemant" name="assignment1.WindowHandleAssignment1" tests="1" failures="0" timestamp="12 Mar 2019 17:26:14 GMT" time="46.080" errors="0">
  <testcase name="windowHandle" time="46.080" classname="assignment1.WindowHandleAssignment1"/>
</testsuite> <!-- assignment1.WindowHandleAssignment1 -->
