<?xml version="1.0" encoding="UTF-8"?>
<!-- Generated by org.testng.reporters.JUnitReportReporter -->
<testsuite skipped="0" hostname="Hemant" name="scripts.Flipkart" tests="1" failures="0" timestamp="06 Mar 2019 19:55:03 GMT" time="91.519" errors="0">
  <testcase name="printAllTheLinkElements" time="91.519" classname="scripts.Flipkart"/>
</testsuite> <!-- scripts.Flipkart -->
