<?xml version="1.0" encoding="UTF-8"?>
<!-- Generated by org.testng.reporters.JUnitReportReporter -->
<testsuite skipped="0" hostname="Hemant" name="assignment1.WindowGoogleAssignment" tests="1" failures="0" timestamp="16 Mar 2019 07:39:27 GMT" time="40.380" errors="0">
  <testcase name="switchingBetweenTwoTab" time="40.380" classname="assignment1.WindowGoogleAssignment"/>
</testsuite> <!-- assignment1.WindowGoogleAssignment -->
