<?xml version="1.0" encoding="UTF-8"?>
<!-- Generated by org.testng.reporters.JUnitReportReporter -->
<testsuite skipped="0" hostname="Hemant" name="assignment1.HerokuappFrameAssignment2" tests="1" failures="0" timestamp="14 Mar 2019 20:26:26 GMT" time="37.902" errors="0">
  <testcase name="handlingMultipleFrame" time="37.902" classname="assignment1.HerokuappFrameAssignment2"/>
</testsuite> <!-- assignment1.HerokuappFrameAssignment2 -->
