<?xml version="1.0" encoding="UTF-8"?>
<!-- Generated by org.testng.reporters.JUnitReportReporter -->
<testsuite skipped="0" hostname="Hemant" name="scripts.AllLinks" tests="1" failures="0" timestamp="03 Mar 2019 09:46:01 GMT" time="78.318" errors="0">
  <testcase name="test" time="78.318" classname="scripts.AllLinks"/>
</testsuite> <!-- scripts.AllLinks -->
