<?xml version="1.0" encoding="UTF-8"?>
<!-- Generated by org.testng.reporters.JUnitReportReporter -->
<testsuite skipped="0" hostname="Hemant" name="assignment1.AlertAssign" tests="1" failures="0" timestamp="09 Mar 2019 17:28:10 GMT" time="57.388" errors="0">
  <testcase name="handlingJavaScriptAlert" time="57.388" classname="assignment1.AlertAssign"/>
</testsuite> <!-- assignment1.AlertAssign -->
