<?xml version="1.0" encoding="UTF-8"?>
<!-- Generated by org.testng.reporters.JUnitReportReporter -->
<testsuite skipped="0" hostname="Hemant" name="assignment1.Alert" tests="1" failures="0" timestamp="09 Mar 2019 15:30:30 GMT" time="100.255" errors="0">
  <testcase name="handlingJavaScriptAlert" time="100.255" classname="assignment1.Alert"/>
</testsuite> <!-- assignment1.Alert -->
